export PATH="/home/tdurieux/defects4j/framework/bin:$PATH";cp -r /home/tdurieux/projects/chart/chart_18 /tmp/chart_18_Ranking;cd /tmp/chart_18_Ranking;defects4j compile;mkdir lib/;cp -r /home/tdurieux/defects4j/framework/projects/lib/* lib/;cp -r /home/tdurieux/defects4j/framework/projects/Chart/lib/* lib/;find . -type f -name "package-info.java" -delete;
cd /tmp/chart_18_Ranking;cp -r /home/tdurieux/nopol/z3-x64-debian-7.7/bin/ lib/z3;time java -cp /home/tdurieux/nopol/nopol-0.0.3-SNAPSHOT-jar-with-dependencies.jar fr.inria.lille.repair.Main --mode ranking --type condition --oracle angelic --synthesis smt --solver z3 --solver-path lib/z3/z3 --complianceLevel 4 --source source/ --classpath build/:build-tests/:lib/cobertura-lib/servlet-api-2.5-6.1.14.jar:lib/servlet.jar:/home/tdurieux/nopol/nopol-0.0.3-SNAPSHOT-jar-with-dependencies.jar;echo "

Node: `hostname`
";echo "
Date: `date`
";rm -rf /tmp/chart_18_Ranking;

/************************/
Executed tests:   3495
Successful tests: 3487
Failed tests:     8

org.jfree.data.junit.DefaultKeyedValuesTests#testRemoveValue
junit.framework.AssertionFailedError
	at junit.framework.Assert.fail(Assert.java:55)
	at junit.framework.Assert.assertTrue(Assert.java:22)
	at junit.framework.Assert.assertTrue(Assert.java:31)
	at junit.framework.TestCase.assertTrue(TestCase.java:201)
	at org.jfree.data.junit.DefaultKeyedValuesTests.testRemoveValue(DefaultKeyedValuesTests.java:372)
	at sun.reflect.NativeMethodAccessorImpl.invoke0(Native Method)
	at sun.reflect.NativeMethodAccessorImpl.invoke(NativeMethodAccessorImpl.java:57)
	at sun.reflect.DelegatingMethodAccessorImpl.invoke(DelegatingMethodAccessorImpl.java:43)
	at java.lang.reflect.Method.invoke(Method.java:606)
	at junit.framework.TestCase.runTest(TestCase.java:176)
	at junit.framework.TestCase.runBare(TestCase.java:141)
	at junit.framework.TestResult$1.protect(TestResult.java:122)
	at junit.framework.TestResult.runProtected(TestResult.java:142)
	at junit.framework.TestResult.run(TestResult.java:125)
	at junit.framework.TestCase.run(TestCase.java:129)
	at junit.framework.TestSuite.runTest(TestSuite.java:255)
	at junit.framework.TestSuite.run(TestSuite.java:250)
	at junit.framework.TestSuite.runTest(TestSuite.java:255)
	at junit.framework.TestSuite.run(TestSuite.java:250)
	at org.junit.internal.runners.JUnit38ClassRunner.run(JUnit38ClassRunner.java:84)
	at org.junit.runner.JUnitCore.run(JUnitCore.java:160)
	at org.junit.runner.JUnitCore.run(JUnitCore.java:138)
	at com.gzoltar.core.instr.testing.junit.JUnitRunner.run(JUnitRunner.java:47)
	at com.gzoltar.core.instr.Runner.main(Runner.java:46)

org.jfree.data.junit.DefaultKeyedValuesTests#testGetIndex2
junit.framework.AssertionFailedError: expected:<-1> but was:<0>
	at junit.framework.Assert.fail(Assert.java:57)
	at junit.framework.Assert.failNotEquals(Assert.java:329)
	at junit.framework.Assert.assertEquals(Assert.java:78)
	at junit.framework.Assert.assertEquals(Assert.java:234)
	at junit.framework.Assert.assertEquals(Assert.java:241)
	at junit.framework.TestCase.assertEquals(TestCase.java:409)
	at org.jfree.data.junit.DefaultKeyedValuesTests.testGetIndex2(DefaultKeyedValuesTests.java:244)
	at sun.reflect.NativeMethodAccessorImpl.invoke0(Native Method)
	at sun.reflect.NativeMethodAccessorImpl.invoke(NativeMethodAccessorImpl.java:57)
	at sun.reflect.DelegatingMethodAccessorImpl.invoke(DelegatingMethodAccessorImpl.java:43)
	at java.lang.reflect.Method.invoke(Method.java:606)
	at junit.framework.TestCase.runTest(TestCase.java:176)
	at junit.framework.TestCase.runBare(TestCase.java:141)
	at junit.framework.TestResult$1.protect(TestResult.java:122)
	at junit.framework.TestResult.runProtected(TestResult.java:142)
	at junit.framework.TestResult.run(TestResult.java:125)
	at junit.framework.TestCase.run(TestCase.java:129)
	at junit.framework.TestSuite.runTest(TestSuite.java:255)
	at junit.framework.TestSuite.run(TestSuite.java:250)
	at junit.framework.TestSuite.runTest(TestSuite.java:255)
	at junit.framework.TestSuite.run(TestSuite.java:250)
	at org.junit.internal.runners.JUnit38ClassRunner.run(JUnit38ClassRunner.java:84)
	at org.junit.runner.JUnitCore.run(JUnitCore.java:160)
	at org.junit.runner.JUnitCore.run(JUnitCore.java:138)
	at com.gzoltar.core.instr.testing.junit.JUnitRunner.run(JUnitRunner.java:47)
	at com.gzoltar.core.instr.Runner.main(Runner.java:46)

org.jfree.data.junit.DefaultKeyedValues2DTests#testRemoveColumnByKey
java.lang.IndexOutOfBoundsException: Index: 0, Size: 0
	at java.util.ArrayList.rangeCheck(ArrayList.java:635)
	at java.util.ArrayList.set(ArrayList.java:426)
	at org.jfree.data.DefaultKeyedValues.setValue(DefaultKeyedValues.java:234)
	at org.jfree.data.DefaultKeyedValues2D.setValue(DefaultKeyedValues2D.java:337)
	at org.jfree.data.DefaultKeyedValues2D.addValue(DefaultKeyedValues2D.java:303)
	at org.jfree.data.junit.DefaultKeyedValues2DTests.testRemoveColumnByKey(DefaultKeyedValues2DTests.java:354)
	at sun.reflect.NativeMethodAccessorImpl.invoke0(Native Method)
	at sun.reflect.NativeMethodAccessorImpl.invoke(NativeMethodAccessorImpl.java:57)
	at sun.reflect.DelegatingMethodAccessorImpl.invoke(DelegatingMethodAccessorImpl.java:43)
	at java.lang.reflect.Method.invoke(Method.java:606)
	at junit.framework.TestCase.runTest(TestCase.java:176)
	at junit.framework.TestCase.runBare(TestCase.java:141)
	at junit.framework.TestResult$1.protect(TestResult.java:122)
	at junit.framework.TestResult.runProtected(TestResult.java:142)
	at junit.framework.TestResult.run(TestResult.java:125)
	at junit.framework.TestCase.run(TestCase.java:129)
	at junit.framework.TestSuite.runTest(TestSuite.java:255)
	at junit.framework.TestSuite.run(TestSuite.java:250)
	at junit.framework.TestSuite.runTest(TestSuite.java:255)
	at junit.framework.TestSuite.run(TestSuite.java:250)
	at org.junit.internal.runners.JUnit38ClassRunner.run(JUnit38ClassRunner.java:84)
	at org.junit.runner.JUnitCore.run(JUnitCore.java:160)
	at org.junit.runner.JUnitCore.run(JUnitCore.java:138)
	at com.gzoltar.core.instr.testing.junit.JUnitRunner.run(JUnitRunner.java:47)
	at com.gzoltar.core.instr.Runner.main(Runner.java:46)

org.jfree.data.junit.DefaultKeyedValues2DTests#testRemoveColumnByKey
java.lang.IndexOutOfBoundsException: Index: 0, Size: 0
	at java.util.ArrayList.rangeCheck(ArrayList.java:635)
	at java.util.ArrayList.set(ArrayList.java:426)
	at org.jfree.data.DefaultKeyedValues.setValue(DefaultKeyedValues.java:234)
	at org.jfree.data.DefaultKeyedValues2D.setValue(DefaultKeyedValues2D.java:337)
	at org.jfree.data.DefaultKeyedValues2D.addValue(DefaultKeyedValues2D.java:303)
	at org.jfree.data.junit.DefaultKeyedValues2DTests.testRemoveColumnByKey(DefaultKeyedValues2DTests.java:354)
	at sun.reflect.NativeMethodAccessorImpl.invoke0(Native Method)
	at sun.reflect.NativeMethodAccessorImpl.invoke(NativeMethodAccessorImpl.java:57)
	at sun.reflect.DelegatingMethodAccessorImpl.invoke(DelegatingMethodAccessorImpl.java:43)
	at java.lang.reflect.Method.invoke(Method.java:606)
	at junit.framework.TestCase.runTest(TestCase.java:176)
	at junit.framework.TestCase.runBare(TestCase.java:141)
	at junit.framework.TestResult$1.protect(TestResult.java:122)
	at junit.framework.TestResult.runProtected(TestResult.java:142)
	at junit.framework.TestResult.run(TestResult.java:125)
	at junit.framework.TestCase.run(TestCase.java:129)
	at junit.framework.TestSuite.runTest(TestSuite.java:255)
	at junit.framework.TestSuite.run(TestSuite.java:250)
	at org.junit.internal.runners.JUnit38ClassRunner.run(JUnit38ClassRunner.java:84)
	at org.junit.runner.JUnitCore.run(JUnitCore.java:160)
	at org.junit.runner.JUnitCore.run(JUnitCore.java:138)
	at com.gzoltar.core.instr.testing.junit.JUnitRunner.run(JUnitRunner.java:47)
	at com.gzoltar.core.instr.Runner.main(Runner.java:46)

org.jfree.data.junit.DefaultKeyedValuesTests#testRemoveValue
junit.framework.AssertionFailedError
	at junit.framework.Assert.fail(Assert.java:55)
	at junit.framework.Assert.assertTrue(Assert.java:22)
	at junit.framework.Assert.assertTrue(Assert.java:31)
	at junit.framework.TestCase.assertTrue(TestCase.java:201)
	at org.jfree.data.junit.DefaultKeyedValuesTests.testRemoveValue(DefaultKeyedValuesTests.java:372)
	at sun.reflect.NativeMethodAccessorImpl.invoke0(Native Method)
	at sun.reflect.NativeMethodAccessorImpl.invoke(NativeMethodAccessorImpl.java:57)
	at sun.reflect.DelegatingMethodAccessorImpl.invoke(DelegatingMethodAccessorImpl.java:43)
	at java.lang.reflect.Method.invoke(Method.java:606)
	at junit.framework.TestCase.runTest(TestCase.java:176)
	at junit.framework.TestCase.runBare(TestCase.java:141)
	at junit.framework.TestResult$1.protect(TestResult.java:122)
	at junit.framework.TestResult.runProtected(TestResult.java:142)
	at junit.framework.TestResult.run(TestResult.java:125)
	at junit.framework.TestCase.run(TestCase.java:129)
	at junit.framework.TestSuite.runTest(TestSuite.java:255)
	at junit.framework.TestSuite.run(TestSuite.java:250)
	at org.junit.internal.runners.JUnit38ClassRunner.run(JUnit38ClassRunner.java:84)
	at org.junit.runner.JUnitCore.run(JUnitCore.java:160)
	at org.junit.runner.JUnitCore.run(JUnitCore.java:138)
	at com.gzoltar.core.instr.testing.junit.JUnitRunner.run(JUnitRunner.java:47)
	at com.gzoltar.core.instr.Runner.main(Runner.java:46)

org.jfree.data.junit.DefaultKeyedValuesTests#testGetIndex2
junit.framework.AssertionFailedError: expected:<-1> but was:<0>
	at junit.framework.Assert.fail(Assert.java:57)
	at junit.framework.Assert.failNotEquals(Assert.java:329)
	at junit.framework.Assert.assertEquals(Assert.java:78)
	at junit.framework.Assert.assertEquals(Assert.java:234)
	at junit.framework.Assert.assertEquals(Assert.java:241)
	at junit.framework.TestCase.assertEquals(TestCase.java:409)
	at org.jfree.data.junit.DefaultKeyedValuesTests.testGetIndex2(DefaultKeyedValuesTests.java:244)
	at sun.reflect.NativeMethodAccessorImpl.invoke0(Native Method)
	at sun.reflect.NativeMethodAccessorImpl.invoke(NativeMethodAccessorImpl.java:57)
	at sun.reflect.DelegatingMethodAccessorImpl.invoke(DelegatingMethodAccessorImpl.java:43)
	at java.lang.reflect.Method.invoke(Method.java:606)
	at junit.framework.TestCase.runTest(TestCase.java:176)
	at junit.framework.TestCase.runBare(TestCase.java:141)
	at junit.framework.TestResult$1.protect(TestResult.java:122)
	at junit.framework.TestResult.runProtected(TestResult.java:142)
	at junit.framework.TestResult.run(TestResult.java:125)
	at junit.framework.TestCase.run(TestCase.java:129)
	at junit.framework.TestSuite.runTest(TestSuite.java:255)
	at junit.framework.TestSuite.run(TestSuite.java:250)
	at org.junit.internal.runners.JUnit38ClassRunner.run(JUnit38ClassRunner.java:84)
	at org.junit.runner.JUnitCore.run(JUnitCore.java:160)
	at org.junit.runner.JUnitCore.run(JUnitCore.java:138)
	at com.gzoltar.core.instr.testing.junit.JUnitRunner.run(JUnitRunner.java:47)
	at com.gzoltar.core.instr.Runner.main(Runner.java:46)

org.jfree.data.category.junit.DefaultCategoryDatasetTests#testBug1835955
java.lang.IndexOutOfBoundsException: Index: 0, Size: 0
	at java.util.ArrayList.rangeCheck(ArrayList.java:635)
	at java.util.ArrayList.set(ArrayList.java:426)
	at org.jfree.data.DefaultKeyedValues.setValue(DefaultKeyedValues.java:234)
	at org.jfree.data.DefaultKeyedValues2D.setValue(DefaultKeyedValues2D.java:337)
	at org.jfree.data.DefaultKeyedValues2D.addValue(DefaultKeyedValues2D.java:303)
	at org.jfree.data.category.DefaultCategoryDataset.addValue(DefaultCategoryDataset.java:218)
	at org.jfree.data.category.DefaultCategoryDataset.addValue(DefaultCategoryDataset.java:233)
	at org.jfree.data.category.junit.DefaultCategoryDatasetTests.testBug1835955(DefaultCategoryDatasetTests.java:350)
	at sun.reflect.NativeMethodAccessorImpl.invoke0(Native Method)
	at sun.reflect.NativeMethodAccessorImpl.invoke(NativeMethodAccessorImpl.java:57)
	at sun.reflect.DelegatingMethodAccessorImpl.invoke(DelegatingMethodAccessorImpl.java:43)
	at java.lang.reflect.Method.invoke(Method.java:606)
	at junit.framework.TestCase.runTest(TestCase.java:176)
	at junit.framework.TestCase.runBare(TestCase.java:141)
	at junit.framework.TestResult$1.protect(TestResult.java:122)
	at junit.framework.TestResult.runProtected(TestResult.java:142)
	at junit.framework.TestResult.run(TestResult.java:125)
	at junit.framework.TestCase.run(TestCase.java:129)
	at junit.framework.TestSuite.runTest(TestSuite.java:255)
	at junit.framework.TestSuite.run(TestSuite.java:250)
	at org.junit.internal.runners.JUnit38ClassRunner.run(JUnit38ClassRunner.java:84)
	at org.junit.runner.JUnitCore.run(JUnitCore.java:160)
	at org.junit.runner.JUnitCore.run(JUnitCore.java:138)
	at com.gzoltar.core.instr.testing.junit.JUnitRunner.run(JUnitRunner.java:47)
	at com.gzoltar.core.instr.Runner.main(Runner.java:46)

org.jfree.data.category.junit.DefaultCategoryDatasetTests#testBug1835955
java.lang.IndexOutOfBoundsException: Index: 0, Size: 0
	at java.util.ArrayList.rangeCheck(ArrayList.java:635)
	at java.util.ArrayList.set(ArrayList.java:426)
	at org.jfree.data.DefaultKeyedValues.setValue(DefaultKeyedValues.java:234)
	at org.jfree.data.DefaultKeyedValues2D.setValue(DefaultKeyedValues2D.java:337)
	at org.jfree.data.DefaultKeyedValues2D.addValue(DefaultKeyedValues2D.java:303)
	at org.jfree.data.category.DefaultCategoryDataset.addValue(DefaultCategoryDataset.java:218)
	at org.jfree.data.category.DefaultCategoryDataset.addValue(DefaultCategoryDataset.java:233)
	at org.jfree.data.category.junit.DefaultCategoryDatasetTests.testBug1835955(DefaultCategoryDatasetTests.java:350)
	at sun.reflect.NativeMethodAccessorImpl.invoke0(Native Method)
	at sun.reflect.NativeMethodAccessorImpl.invoke(NativeMethodAccessorImpl.java:57)
	at sun.reflect.DelegatingMethodAccessorImpl.invoke(DelegatingMethodAccessorImpl.java:43)
	at java.lang.reflect.Method.invoke(Method.java:606)
	at junit.framework.TestCase.runTest(TestCase.java:176)
	at junit.framework.TestCase.runBare(TestCase.java:141)
	at junit.framework.TestResult$1.protect(TestResult.java:122)
	at junit.framework.TestResult.runProtected(TestResult.java:142)
	at junit.framework.TestResult.run(TestResult.java:125)
	at junit.framework.TestCase.run(TestCase.java:129)
	at junit.framework.TestSuite.runTest(TestSuite.java:255)
	at junit.framework.TestSuite.run(TestSuite.java:250)
	at junit.framework.TestSuite.runTest(TestSuite.java:255)
	at junit.framework.TestSuite.run(TestSuite.java:250)
	at org.junit.internal.runners.JUnit38ClassRunner.run(JUnit38ClassRunner.java:84)
	at org.junit.runner.JUnitCore.run(JUnitCore.java:160)
	at org.junit.runner.JUnitCore.run(JUnitCore.java:138)
	at com.gzoltar.core.instr.testing.junit.JUnitRunner.run(JUnitRunner.java:47)
	at com.gzoltar.core.instr.Runner.main(Runner.java:46)


/************************/
/* Suspicious statement */
/************************/
org.jfree.data.DefaultKeyedValues:316 -> 1.0 (ep: 0, ef: 8, np: 3487, nf: 0)
org.jfree.data.DefaultKeyedValues:317 -> 1.0 (ep: 0, ef: 8, np: 3487, nf: 0)
org.jfree.data.DefaultKeyedValues:320 -> 1.0 (ep: 0, ef: 8, np: 3487, nf: 0)
org.jfree.data.DefaultKeyedValues:323 -> 1.0 (ep: 0, ef: 8, np: 3487, nf: 0)
org.jfree.data.DefaultKeyedValues:335 -> 1.0 (ep: 0, ef: 8, np: 3487, nf: 0)
org.jfree.data.DefaultKeyedValues:336 -> 1.0 (ep: 0, ef: 8, np: 3487, nf: 0)
org.jfree.data.DefaultKeyedValues:337 -> 1.0 (ep: 0, ef: 8, np: 3487, nf: 0)
org.jfree.data.DefaultKeyedValues:339 -> 1.0 (ep: 0, ef: 8, np: 3487, nf: 0)
org.jfree.data.DefaultKeyedValues2D:450 -> 0.7071067811865475 (ep: 0, ef: 4, np: 3487, nf: 4)
org.jfree.data.DefaultKeyedValues2D:451 -> 0.7071067811865475 (ep: 0, ef: 4, np: 3487, nf: 4)
org.jfree.data.DefaultKeyedValues2D:452 -> 0.7071067811865475 (ep: 0, ef: 4, np: 3487, nf: 4)
org.jfree.data.DefaultKeyedValues2D:453 -> 0.7071067811865475 (ep: 0, ef: 4, np: 3487, nf: 4)
org.jfree.data.DefaultKeyedValues2D:454 -> 0.7071067811865475 (ep: 0, ef: 4, np: 3487, nf: 4)
org.jfree.data.DefaultKeyedValues2D:455 -> 0.7071067811865475 (ep: 0, ef: 4, np: 3487, nf: 4)
org.jfree.data.DefaultKeyedValues2D:456 -> 0.7071067811865475 (ep: 0, ef: 4, np: 3487, nf: 4)
org.jfree.data.DefaultKeyedValues:321 -> 0.5 (ep: 0, ef: 2, np: 3487, nf: 6)
org.jfree.data.category.DefaultCategoryDataset:350 -> 0.5 (ep: 0, ef: 2, np: 3487, nf: 6)
org.jfree.data.category.DefaultCategoryDataset:351 -> 0.5 (ep: 0, ef: 2, np: 3487, nf: 6)
org.jfree.data.category.DefaultCategoryDataset:352 -> 0.5 (ep: 0, ef: 2, np: 3487, nf: 6)
org.jfree.data.DefaultKeyedValues:299 -> 0.35355339059327373 (ep: 2, ef: 2, np: 3485, nf: 6)
org.jfree.data.DefaultKeyedValues:300 -> 0.35355339059327373 (ep: 2, ef: 2, np: 3485, nf: 6)
org.jfree.data.DefaultKeyedValues:301 -> 0.35355339059327373 (ep: 2, ef: 2, np: 3485, nf: 6)
org.jfree.data.DefaultKeyedValues:302 -> 0.35355339059327373 (ep: 2, ef: 2, np: 3485, nf: 6)
org.jfree.data.DefaultKeyedValues:304 -> 0.35355339059327373 (ep: 2, ef: 2, np: 3485, nf: 6)
org.jfree.data.DefaultKeyedValues:234 -> 0.25 (ep: 28, ef: 4, np: 3459, nf: 4)
org.jfree.data.DefaultKeyedValues:209 -> 0.23570226039551587 (ep: 32, ef: 4, np: 3455, nf: 4)
org.jfree.data.DefaultKeyedValues:210 -> 0.23570226039551587 (ep: 32, ef: 4, np: 3455, nf: 4)
org.jfree.data.DefaultKeyedValues:197 -> 0.22360679774997896 (ep: 8, ef: 2, np: 3479, nf: 6)
org.jfree.data.DefaultKeyedValues:198 -> 0.22360679774997896 (ep: 8, ef: 2, np: 3479, nf: 6)
org.jfree.data.DefaultKeyedValues:157 -> 0.1690308509457033 (ep: 272, ef: 8, np: 3215, nf: 0)
org.jfree.data.DefaultKeyedValues:229 -> 0.14948701855038718 (ep: 350, ef: 8, np: 3137, nf: 0)
org.jfree.data.DefaultKeyedValues:232 -> 0.14948701855038718 (ep: 350, ef: 8, np: 3137, nf: 0)
org.jfree.data.DefaultKeyedValues:233 -> 0.14948701855038718 (ep: 350, ef: 8, np: 3137, nf: 0)
org.jfree.data.DefaultKeyedValues:238 -> 0.14948701855038718 (ep: 350, ef: 8, np: 3137, nf: 0)
org.jfree.data.DefaultKeyedValues:239 -> 0.14948701855038718 (ep: 350, ef: 8, np: 3137, nf: 0)
org.jfree.data.DefaultKeyedValues:240 -> 0.14948701855038718 (ep: 350, ef: 8, np: 3137, nf: 0)
org.jfree.data.DefaultKeyedValues:242 -> 0.14948701855038718 (ep: 350, ef: 8, np: 3137, nf: 0)
org.jfree.data.DefaultKeyedValues:150 -> 0.14907119849998599 (ep: 352, ef: 8, np: 3135, nf: 0)
org.jfree.data.DefaultKeyedValues:153 -> 0.14907119849998599 (ep: 352, ef: 8, np: 3135, nf: 0)
org.jfree.data.DefaultKeyedValues:154 -> 0.14907119849998599 (ep: 352, ef: 8, np: 3135, nf: 0)
org.jfree.data.DefaultKeyedValues:155 -> 0.14907119849998599 (ep: 352, ef: 8, np: 3135, nf: 0)
org.jfree.data.DefaultKeyedValues2D:323 -> 0.10540925533894598 (ep: 176, ef: 4, np: 3311, nf: 4)
org.jfree.data.DefaultKeyedValues2D:189 -> 0.08873565094161139 (ep: 250, ef: 4, np: 3237, nf: 4)
org.jfree.data.DefaultKeyedValues2D:303 -> 0.08873565094161139 (ep: 250, ef: 4, np: 3237, nf: 4)
org.jfree.data.DefaultKeyedValues2D:304 -> 0.08873565094161139 (ep: 250, ef: 4, np: 3237, nf: 4)
org.jfree.data.DefaultKeyedValues2D:333 -> 0.08873565094161139 (ep: 250, ef: 4, np: 3237, nf: 4)
org.jfree.data.DefaultKeyedValues2D:334 -> 0.08873565094161139 (ep: 250, ef: 4, np: 3237, nf: 4)
org.jfree.data.DefaultKeyedValues2D:182 -> 0.0854357657716761 (ep: 270, ef: 4, np: 3217, nf: 4)
org.jfree.data.DefaultKeyedValues2D:185 -> 0.0854357657716761 (ep: 270, ef: 4, np: 3217, nf: 4)
org.jfree.data.DefaultKeyedValues2D:320 -> 0.0854357657716761 (ep: 270, ef: 4, np: 3217, nf: 4)
org.jfree.data.DefaultKeyedValues2D:322 -> 0.0854357657716761 (ep: 270, ef: 4, np: 3217, nf: 4)
org.jfree.data.DefaultKeyedValues2D:326 -> 0.0854357657716761 (ep: 270, ef: 4, np: 3217, nf: 4)
org.jfree.data.DefaultKeyedValues2D:327 -> 0.0854357657716761 (ep: 270, ef: 4, np: 3217, nf: 4)
org.jfree.data.DefaultKeyedValues2D:337 -> 0.0854357657716761 (ep: 270, ef: 4, np: 3217, nf: 4)
org.jfree.data.DefaultKeyedValues2D:339 -> 0.0854357657716761 (ep: 270, ef: 4, np: 3217, nf: 4)
org.jfree.data.DefaultKeyedValues2D:340 -> 0.0854357657716761 (ep: 270, ef: 4, np: 3217, nf: 4)
org.jfree.data.DefaultKeyedValues2D:341 -> 0.0854357657716761 (ep: 270, ef: 4, np: 3217, nf: 4)
org.jfree.data.DefaultKeyedValues2D:343 -> 0.0854357657716761 (ep: 270, ef: 4, np: 3217, nf: 4)
org.jfree.data.category.DefaultCategoryDataset:233 -> 0.0629940788348712 (ep: 124, ef: 2, np: 3363, nf: 6)
org.jfree.data.category.DefaultCategoryDataset:234 -> 0.0629940788348712 (ep: 124, ef: 2, np: 3363, nf: 6)
org.jfree.data.category.DefaultCategoryDataset:218 -> 0.04926646390821466 (ep: 204, ef: 2, np: 3283, nf: 6)
org.jfree.data.category.DefaultCategoryDataset:219 -> 0.04926646390821466 (ep: 204, ef: 2, np: 3283, nf: 6)
org.jfree.data.category.DefaultCategoryDataset:220 -> 0.04926646390821466 (ep: 204, ef: 2, np: 3283, nf: 6)
org.jfree.data.general.AbstractDataset:170 -> 0.026919095102908276 (ep: 688, ef: 2, np: 2799, nf: 6)
org.jfree.data.general.AbstractDataset:171 -> 0.026919095102908276 (ep: 688, ef: 2, np: 2799, nf: 6)
org.jfree.data.general.AbstractDataset:184 -> 0.025449329927964382 (ep: 770, ef: 2, np: 2717, nf: 6)
org.jfree.data.general.AbstractDataset:185 -> 0.025449329927964382 (ep: 770, ef: 2, np: 2717, nf: 6)
org.jfree.data.general.AbstractDataset:192 -> 0.025449329927964382 (ep: 770, ef: 2, np: 2717, nf: 6)



Node: graphene-83.nancy.grid5000.fr


Date: Mon May 11 08:03:31 CEST 2015


