export PATH="/home/tdurieux/defects4j/framework/bin:$PATH";cp -r /home/tdurieux/projects/lang/lang_19 /tmp/lang_19_Ranking;cd /tmp/lang_19_Ranking;defects4j compile;mkdir lib/;cp -r /home/tdurieux/defects4j/framework/projects/lib/* lib/;cp -r /home/tdurieux/defects4j/framework/projects/Lang/lib/* lib/;find . -type f -name "package-info.java" -delete;
cd /tmp/lang_19_Ranking;cp -r /home/tdurieux/nopol/z3-x64-debian-7.7/bin/ lib/z3;time java -cp /home/tdurieux/nopol/nopol-0.0.3-SNAPSHOT-jar-with-dependencies.jar fr.inria.lille.repair.Main --mode ranking --type condition --oracle angelic --synthesis smt --solver z3 --solver-path lib/z3/z3 --complianceLevel 5 --source src/main/java/ --classpath target/classes/:target/tests/:lib/asm.jar:lib/cglib.jar:lib/commons-io.jar:lib/easymock.jar:/home/tdurieux/nopol/nopol-0.0.3-SNAPSHOT-jar-with-dependencies.jar;echo "

Node: `hostname`
";echo "
Date: `date`
";rm -rf /tmp/lang_19_Ranking;

/************************/
Executed tests:   1877
Successful tests: 1875
Failed tests:     2

org.apache.commons.lang3.text.translate.NumericEntityUnescaperTest#testUnfinishedEntity
java.lang.StringIndexOutOfBoundsException: String index out of range: 19
	at java.lang.String.charAt(String.java:658)
	at org.apache.commons.lang3.text.translate.NumericEntityUnescaper.translate(NumericEntityUnescaper.java:49)
	at org.apache.commons.lang3.text.translate.CharSequenceTranslator.translate(CharSequenceTranslator.java:86)
	at org.apache.commons.lang3.text.translate.CharSequenceTranslator.translate(CharSequenceTranslator.java:59)
	at org.apache.commons.lang3.text.translate.NumericEntityUnescaperTest.testUnfinishedEntity(NumericEntityUnescaperTest.java:51)
	at sun.reflect.NativeMethodAccessorImpl.invoke0(Native Method)
	at sun.reflect.NativeMethodAccessorImpl.invoke(NativeMethodAccessorImpl.java:57)
	at sun.reflect.DelegatingMethodAccessorImpl.invoke(DelegatingMethodAccessorImpl.java:43)
	at java.lang.reflect.Method.invoke(Method.java:606)
	at junit.framework.TestCase.runTest(TestCase.java:176)
	at junit.framework.TestCase.runBare(TestCase.java:141)
	at junit.framework.TestResult$1.protect(TestResult.java:122)
	at junit.framework.TestResult.runProtected(TestResult.java:142)
	at junit.framework.TestResult.run(TestResult.java:125)
	at junit.framework.TestCase.run(TestCase.java:129)
	at junit.framework.TestSuite.runTest(TestSuite.java:255)
	at junit.framework.TestSuite.run(TestSuite.java:250)
	at org.junit.internal.runners.JUnit38ClassRunner.run(JUnit38ClassRunner.java:84)
	at org.junit.runner.JUnitCore.run(JUnitCore.java:160)
	at org.junit.runner.JUnitCore.run(JUnitCore.java:138)
	at com.gzoltar.core.instr.testing.junit.JUnitRunner.run(JUnitRunner.java:47)
	at com.gzoltar.core.instr.Runner.main(Runner.java:46)

org.apache.commons.lang3.text.translate.NumericEntityUnescaperTest#testOutOfBounds
java.lang.StringIndexOutOfBoundsException: String index out of range: 7
	at java.lang.String.charAt(String.java:658)
	at org.apache.commons.lang3.text.translate.NumericEntityUnescaper.translate(NumericEntityUnescaper.java:42)
	at org.apache.commons.lang3.text.translate.CharSequenceTranslator.translate(CharSequenceTranslator.java:86)
	at org.apache.commons.lang3.text.translate.CharSequenceTranslator.translate(CharSequenceTranslator.java:59)
	at org.apache.commons.lang3.text.translate.NumericEntityUnescaperTest.testOutOfBounds(NumericEntityUnescaperTest.java:41)
	at sun.reflect.NativeMethodAccessorImpl.invoke0(Native Method)
	at sun.reflect.NativeMethodAccessorImpl.invoke(NativeMethodAccessorImpl.java:57)
	at sun.reflect.DelegatingMethodAccessorImpl.invoke(DelegatingMethodAccessorImpl.java:43)
	at java.lang.reflect.Method.invoke(Method.java:606)
	at junit.framework.TestCase.runTest(TestCase.java:176)
	at junit.framework.TestCase.runBare(TestCase.java:141)
	at junit.framework.TestResult$1.protect(TestResult.java:122)
	at junit.framework.TestResult.runProtected(TestResult.java:142)
	at junit.framework.TestResult.run(TestResult.java:125)
	at junit.framework.TestCase.run(TestCase.java:129)
	at junit.framework.TestSuite.runTest(TestSuite.java:255)
	at junit.framework.TestSuite.run(TestSuite.java:250)
	at org.junit.internal.runners.JUnit38ClassRunner.run(JUnit38ClassRunner.java:84)
	at org.junit.runner.JUnitCore.run(JUnitCore.java:160)
	at org.junit.runner.JUnitCore.run(JUnitCore.java:138)
	at com.gzoltar.core.instr.testing.junit.JUnitRunner.run(JUnitRunner.java:47)
	at com.gzoltar.core.instr.Runner.main(Runner.java:46)


/************************/
/* Suspicious statement */
/************************/
org.apache.commons.lang3.text.translate.NumericEntityUnescaper:39 -> 0.5773502691896258 (ep: 4, ef: 2, np: 1871, nf: 0)
org.apache.commons.lang3.text.translate.NumericEntityUnescaper:40 -> 0.5773502691896258 (ep: 4, ef: 2, np: 1871, nf: 0)
org.apache.commons.lang3.text.translate.NumericEntityUnescaper:42 -> 0.5773502691896258 (ep: 4, ef: 2, np: 1871, nf: 0)
org.apache.commons.lang3.text.translate.NumericEntityUnescaper:44 -> 0.5 (ep: 1, ef: 1, np: 1874, nf: 1)
org.apache.commons.lang3.text.translate.NumericEntityUnescaper:45 -> 0.5 (ep: 1, ef: 1, np: 1874, nf: 1)
org.apache.commons.lang3.text.translate.NumericEntityUnescaper:73 -> 0.47140452079103173 (ep: 7, ef: 2, np: 1868, nf: 0)
org.apache.commons.lang3.text.translate.NumericEntityUnescaper:38 -> 0.42640143271122083 (ep: 9, ef: 2, np: 1866, nf: 0)
org.apache.commons.lang3.text.translate.NumericEntityUnescaper:43 -> 0.31622776601683794 (ep: 4, ef: 1, np: 1871, nf: 1)
org.apache.commons.lang3.text.translate.NumericEntityUnescaper:48 -> 0.31622776601683794 (ep: 4, ef: 1, np: 1871, nf: 1)
org.apache.commons.lang3.text.translate.NumericEntityUnescaper:49 -> 0.31622776601683794 (ep: 4, ef: 1, np: 1871, nf: 1)
org.apache.commons.lang3.text.translate.NumericEntityUnescaper:50 -> 0.31622776601683794 (ep: 4, ef: 1, np: 1871, nf: 1)
org.apache.commons.lang3.text.translate.CharSequenceTranslator:89 -> 0.29488391230979427 (ep: 21, ef: 2, np: 1854, nf: 0)
org.apache.commons.lang3.text.translate.CharSequenceTranslator:54 -> 0.2581988897471611 (ep: 28, ef: 2, np: 1847, nf: 0)
org.apache.commons.lang3.text.translate.CharSequenceTranslator:58 -> 0.2581988897471611 (ep: 28, ef: 2, np: 1847, nf: 0)
org.apache.commons.lang3.text.translate.CharSequenceTranslator:59 -> 0.2581988897471611 (ep: 28, ef: 2, np: 1847, nf: 0)
org.apache.commons.lang3.text.translate.CharSequenceTranslator:76 -> 0.25 (ep: 30, ef: 2, np: 1845, nf: 0)
org.apache.commons.lang3.text.translate.CharSequenceTranslator:79 -> 0.25 (ep: 30, ef: 2, np: 1845, nf: 0)
org.apache.commons.lang3.text.translate.CharSequenceTranslator:82 -> 0.25 (ep: 30, ef: 2, np: 1845, nf: 0)
org.apache.commons.lang3.text.translate.CharSequenceTranslator:83 -> 0.25 (ep: 30, ef: 2, np: 1845, nf: 0)
org.apache.commons.lang3.text.translate.CharSequenceTranslator:86 -> 0.25 (ep: 30, ef: 2, np: 1845, nf: 0)
org.apache.commons.lang3.text.translate.CharSequenceTranslator:88 -> 0.25 (ep: 30, ef: 2, np: 1845, nf: 0)
org.apache.commons.lang3.text.translate.CharSequenceTranslator:60 -> 0.1336306209562122 (ep: 27, ef: 1, np: 1848, nf: 1)
org.apache.commons.lang3.text.translate.CharSequenceTranslator:105 -> 0.12909944487358055 (ep: 29, ef: 1, np: 1846, nf: 1)



Node: graphene-83.nancy.grid5000.fr


Date: Mon May 11 08:00:59 CEST 2015


