java.lang.IllegalArgumentException: The validation process does not execute well the test cases
 Exception in thread "main" java.lang.ExceptionInInitializerError
	at org.joda.time.format.TestPeriodFormatterBuilder.<clinit>(TestPeriodFormatterBuilder.java:37)
	at java.lang.Class.forName0(Native Method)
	at java.lang.Class.forName(Class.java:191)
	at fr.inria.astor.junitexec.JUnitTestExecutor.main(JUnitTestExecutor.java:106)
Caused by: java.lang.IllegalArgumentException: DateTimeZone must not be null
	at org.joda.time.chrono.ZonedChronology.getInstance(ZonedChronology.java:14)
	at org.joda.time.chrono.ISOChronology.getInstance(ISOChronology.java:39)
	at org.joda.time.chrono.ISOChronology.getInstance(ISOChronology.java:24)
	at org.joda.time.DateTimeUtils.getChronology(DateTimeUtils.java:101)
	at org.joda.time.base.BasePeriod.<init>(BasePeriod.java:95)
	at org.joda.time.Period.<init>(Period.java:271)
	at org.joda.time.Period.<clinit>(Period.java:63)
	... 4 more

	at fr.inria.astor.core.validation.executors.JUnitExecutorProcess.getTestResult(JUnitExecutorProcess.java:130)
	at fr.inria.astor.core.validation.executors.JUnitExecutorProcess.execute(JUnitExecutorProcess.java:78)
	at fr.inria.astor.core.validation.executors.JUnitExecutorProcess.execute(JUnitExecutorProcess.java:34)
	at fr.inria.astor.core.validation.validators.ProcessValidator.validate(ProcessValidator.java:58)
	at fr.inria.astor.core.loop.evolutionary.EvolutionaryEngine.validateInstance(EvolutionaryEngine.java:746)
	at fr.inria.astor.core.loop.evolutionary.EvolutionaryEngine.processCreatedVariant(EvolutionaryEngine.java:345)
	at fr.inria.astor.core.loop.evolutionary.EvolutionaryEngine.processGenerations(EvolutionaryEngine.java:211)
	at fr.inria.astor.core.loop.evolutionary.EvolutionaryEngine.startEvolution(EvolutionaryEngine.java:127)
	at fr.inria.main.evolution.MainjGenProg.run(MainjGenProg.java:137)
	at fr.inria.main.evolution.MainjGenProg.main(MainjGenProg.java:171)
Exception in thread "main" java.lang.AssertionError: The validation process does not execute well the test cases
 Exception in thread "main" java.lang.ExceptionInInitializerError
	at org.joda.time.format.TestPeriodFormatterBuilder.<clinit>(TestPeriodFormatterBuilder.java:37)
	at java.lang.Class.forName0(Native Method)
	at java.lang.Class.forName(Class.java:191)
	at fr.inria.astor.junitexec.JUnitTestExecutor.main(JUnitTestExecutor.java:106)
Caused by: java.lang.IllegalArgumentException: DateTimeZone must not be null
	at org.joda.time.chrono.ZonedChronology.getInstance(ZonedChronology.java:14)
	at org.joda.time.chrono.ISOChronology.getInstance(ISOChronology.java:39)
	at org.joda.time.chrono.ISOChronology.getInstance(ISOChronology.java:24)
	at org.joda.time.DateTimeUtils.getChronology(DateTimeUtils.java:101)
	at org.joda.time.base.BasePeriod.<init>(BasePeriod.java:95)
	at org.joda.time.Period.<init>(Period.java:271)
	at org.joda.time.Period.<clinit>(Period.java:63)
	... 4 more

	at org.junit.Assert.fail(Assert.java:88)
	at fr.inria.main.evolution.MainjGenProg.run(MainjGenProg.java:140)
	at fr.inria.main.evolution.MainjGenProg.main(MainjGenProg.java:171)

real	5m52.422s
user	7m10.151s
sys	0m7.652s
