export PATH="/home/tdurieux/defects4j/framework/bin:$PATH";cp -r /home/tdurieux/projects/math/math_35 /tmp/math_35_Ranking;cd /tmp/math_35_Ranking;defects4j compile;mkdir lib/;cp -r /home/tdurieux/defects4j/framework/projects/lib/* lib/;cp -r /home/tdurieux/defects4j/framework/projects/Math/lib/* lib/;find . -type f -name "package-info.java" -delete;
cd /tmp/math_35_Ranking;cp -r /home/tdurieux/nopol/z3-x64-debian-7.7/bin/ lib/z3;time java -cp /home/tdurieux/nopol/nopol-0.0.3-SNAPSHOT-jar-with-dependencies.jar fr.inria.lille.repair.Main --mode ranking --type condition --oracle angelic --synthesis smt --solver z3 --solver-path lib/z3/z3 --complianceLevel 5 --source src/main/java/ --classpath target/classes/:target/test-classes/:lib/commons-discovery-0.5.jar:/home/tdurieux/nopol/nopol-0.0.3-SNAPSHOT-jar-with-dependencies.jar;rm -rf /tmp/math_35_Ranking;

/************************/
Executed tests:   3550
Successful tests: 3546
Failed tests:     4

org.apache.commons.math3.genetics.ElitisticListPopulationTest#testChromosomeListConstructorTooLow
java.lang.AssertionError: Expected exception: org.apache.commons.math3.exception.OutOfRangeException
	at org.junit.internal.runners.statements.ExpectException.evaluate(ExpectException.java:32)
	at org.junit.runners.ParentRunner.runLeaf(ParentRunner.java:271)
	at org.junit.runners.BlockJUnit4ClassRunner.runChild(BlockJUnit4ClassRunner.java:70)
	at org.junit.runners.BlockJUnit4ClassRunner.runChild(BlockJUnit4ClassRunner.java:50)
	at org.junit.runners.ParentRunner$3.run(ParentRunner.java:238)
	at org.junit.runners.ParentRunner$1.schedule(ParentRunner.java:63)
	at org.junit.runners.ParentRunner.runChildren(ParentRunner.java:236)
	at org.junit.runners.ParentRunner.access$000(ParentRunner.java:53)
	at org.junit.runners.ParentRunner$2.evaluate(ParentRunner.java:229)
	at org.junit.runners.ParentRunner.run(ParentRunner.java:309)
	at org.junit.runner.JUnitCore.run(JUnitCore.java:160)
	at org.junit.runner.JUnitCore.run(JUnitCore.java:138)
	at com.gzoltar.core.instr.testing.junit.JUnitRunner.run(JUnitRunner.java:47)
	at com.gzoltar.core.instr.Runner.main(Runner.java:46)

org.apache.commons.math3.genetics.ElitisticListPopulationTest#testConstructorTooHigh
java.lang.AssertionError: Expected exception: org.apache.commons.math3.exception.OutOfRangeException
	at org.junit.internal.runners.statements.ExpectException.evaluate(ExpectException.java:32)
	at org.junit.runners.ParentRunner.runLeaf(ParentRunner.java:271)
	at org.junit.runners.BlockJUnit4ClassRunner.runChild(BlockJUnit4ClassRunner.java:70)
	at org.junit.runners.BlockJUnit4ClassRunner.runChild(BlockJUnit4ClassRunner.java:50)
	at org.junit.runners.ParentRunner$3.run(ParentRunner.java:238)
	at org.junit.runners.ParentRunner$1.schedule(ParentRunner.java:63)
	at org.junit.runners.ParentRunner.runChildren(ParentRunner.java:236)
	at org.junit.runners.ParentRunner.access$000(ParentRunner.java:53)
	at org.junit.runners.ParentRunner$2.evaluate(ParentRunner.java:229)
	at org.junit.runners.ParentRunner.run(ParentRunner.java:309)
	at org.junit.runner.JUnitCore.run(JUnitCore.java:160)
	at org.junit.runner.JUnitCore.run(JUnitCore.java:138)
	at com.gzoltar.core.instr.testing.junit.JUnitRunner.run(JUnitRunner.java:47)
	at com.gzoltar.core.instr.Runner.main(Runner.java:46)

org.apache.commons.math3.genetics.ElitisticListPopulationTest#testConstructorTooLow
java.lang.AssertionError: Expected exception: org.apache.commons.math3.exception.OutOfRangeException
	at org.junit.internal.runners.statements.ExpectException.evaluate(ExpectException.java:32)
	at org.junit.runners.ParentRunner.runLeaf(ParentRunner.java:271)
	at org.junit.runners.BlockJUnit4ClassRunner.runChild(BlockJUnit4ClassRunner.java:70)
	at org.junit.runners.BlockJUnit4ClassRunner.runChild(BlockJUnit4ClassRunner.java:50)
	at org.junit.runners.ParentRunner$3.run(ParentRunner.java:238)
	at org.junit.runners.ParentRunner$1.schedule(ParentRunner.java:63)
	at org.junit.runners.ParentRunner.runChildren(ParentRunner.java:236)
	at org.junit.runners.ParentRunner.access$000(ParentRunner.java:53)
	at org.junit.runners.ParentRunner$2.evaluate(ParentRunner.java:229)
	at org.junit.runners.ParentRunner.run(ParentRunner.java:309)
	at org.junit.runner.JUnitCore.run(JUnitCore.java:160)
	at org.junit.runner.JUnitCore.run(JUnitCore.java:138)
	at com.gzoltar.core.instr.testing.junit.JUnitRunner.run(JUnitRunner.java:47)
	at com.gzoltar.core.instr.Runner.main(Runner.java:46)

org.apache.commons.math3.genetics.ElitisticListPopulationTest#testChromosomeListConstructorTooHigh
java.lang.AssertionError: Expected exception: org.apache.commons.math3.exception.OutOfRangeException
	at org.junit.internal.runners.statements.ExpectException.evaluate(ExpectException.java:32)
	at org.junit.runners.ParentRunner.runLeaf(ParentRunner.java:271)
	at org.junit.runners.BlockJUnit4ClassRunner.runChild(BlockJUnit4ClassRunner.java:70)
	at org.junit.runners.BlockJUnit4ClassRunner.runChild(BlockJUnit4ClassRunner.java:50)
	at org.junit.runners.ParentRunner$3.run(ParentRunner.java:238)
	at org.junit.runners.ParentRunner$1.schedule(ParentRunner.java:63)
	at org.junit.runners.ParentRunner.runChildren(ParentRunner.java:236)
	at org.junit.runners.ParentRunner.access$000(ParentRunner.java:53)
	at org.junit.runners.ParentRunner$2.evaluate(ParentRunner.java:229)
	at org.junit.runners.ParentRunner.run(ParentRunner.java:309)
	at org.junit.runner.JUnitCore.run(JUnitCore.java:160)
	at org.junit.runner.JUnitCore.run(JUnitCore.java:138)
	at com.gzoltar.core.instr.testing.junit.JUnitRunner.run(JUnitRunner.java:47)
	at com.gzoltar.core.instr.Runner.main(Runner.java:46)


/************************/
/* Suspicious statement */
/************************/


