export PATH="/home/tdurieux/defects4j/framework/bin:$PATH";cp -r /home/tdurieux/projects/math/math_36 /tmp/math_36_Ranking;cd /tmp/math_36_Ranking;defects4j compile;mkdir lib/;cp -r /home/tdurieux/defects4j/framework/projects/lib/* lib/;cp -r /home/tdurieux/defects4j/framework/projects/Math/lib/* lib/;find . -type f -name "package-info.java" -delete;
cd /tmp/math_36_Ranking;cp -r /home/tdurieux/nopol/z3-x64-debian-7.7/bin/ lib/z3;time java -cp /home/tdurieux/nopol/nopol-0.0.3-SNAPSHOT-jar-with-dependencies.jar fr.inria.lille.repair.Main --mode ranking --type condition --oracle angelic --synthesis smt --solver z3 --solver-path lib/z3/z3 --complianceLevel 5 --source src/main/java/ --classpath target/classes/:target/test-classes/:lib/commons-discovery-0.5.jar:/home/tdurieux/nopol/nopol-0.0.3-SNAPSHOT-jar-with-dependencies.jar;rm -rf /tmp/math_36_Ranking;

/************************/
Executed tests:   3540
Successful tests: 3538
Failed tests:     2

org.apache.commons.math.fraction.BigFractionTest#testFloatValueForLargeNumeratorAndDenominator
java.lang.AssertionError: expected:<5.0> but was:<NaN>
	at org.junit.Assert.fail(Assert.java:88)
	at org.junit.Assert.failNotEquals(Assert.java:743)
	at org.junit.Assert.assertEquals(Assert.java:494)
	at org.junit.Assert.assertEquals(Assert.java:592)
	at org.apache.commons.math.fraction.BigFractionTest.testFloatValueForLargeNumeratorAndDenominator(BigFractionTest.java:222)
	at sun.reflect.NativeMethodAccessorImpl.invoke0(Native Method)
	at sun.reflect.NativeMethodAccessorImpl.invoke(NativeMethodAccessorImpl.java:57)
	at sun.reflect.DelegatingMethodAccessorImpl.invoke(DelegatingMethodAccessorImpl.java:43)
	at java.lang.reflect.Method.invoke(Method.java:606)
	at org.junit.runners.model.FrameworkMethod$1.runReflectiveCall(FrameworkMethod.java:47)
	at org.junit.internal.runners.model.ReflectiveCallable.run(ReflectiveCallable.java:12)
	at org.junit.runners.model.FrameworkMethod.invokeExplosively(FrameworkMethod.java:44)
	at org.junit.internal.runners.statements.InvokeMethod.evaluate(InvokeMethod.java:17)
	at org.junit.runners.ParentRunner.runLeaf(ParentRunner.java:271)
	at org.junit.runners.BlockJUnit4ClassRunner.runChild(BlockJUnit4ClassRunner.java:70)
	at org.junit.runners.BlockJUnit4ClassRunner.runChild(BlockJUnit4ClassRunner.java:50)
	at org.junit.runners.ParentRunner$3.run(ParentRunner.java:238)
	at org.junit.runners.ParentRunner$1.schedule(ParentRunner.java:63)
	at org.junit.runners.ParentRunner.runChildren(ParentRunner.java:236)
	at org.junit.runners.ParentRunner.access$000(ParentRunner.java:53)
	at org.junit.runners.ParentRunner$2.evaluate(ParentRunner.java:229)
	at org.junit.runners.ParentRunner.run(ParentRunner.java:309)
	at org.junit.runner.JUnitCore.run(JUnitCore.java:160)
	at org.junit.runner.JUnitCore.run(JUnitCore.java:138)
	at com.gzoltar.core.instr.testing.junit.JUnitRunner.run(JUnitRunner.java:47)
	at com.gzoltar.core.instr.Runner.main(Runner.java:46)

org.apache.commons.math.fraction.BigFractionTest#testDoubleValueForLargeNumeratorAndDenominator
java.lang.AssertionError: expected:<5.0> but was:<NaN>
	at org.junit.Assert.fail(Assert.java:88)
	at org.junit.Assert.failNotEquals(Assert.java:743)
	at org.junit.Assert.assertEquals(Assert.java:494)
	at org.junit.Assert.assertEquals(Assert.java:592)
	at org.apache.commons.math.fraction.BigFractionTest.testDoubleValueForLargeNumeratorAndDenominator(BigFractionTest.java:210)
	at sun.reflect.NativeMethodAccessorImpl.invoke0(Native Method)
	at sun.reflect.NativeMethodAccessorImpl.invoke(NativeMethodAccessorImpl.java:57)
	at sun.reflect.DelegatingMethodAccessorImpl.invoke(DelegatingMethodAccessorImpl.java:43)
	at java.lang.reflect.Method.invoke(Method.java:606)
	at org.junit.runners.model.FrameworkMethod$1.runReflectiveCall(FrameworkMethod.java:47)
	at org.junit.internal.runners.model.ReflectiveCallable.run(ReflectiveCallable.java:12)
	at org.junit.runners.model.FrameworkMethod.invokeExplosively(FrameworkMethod.java:44)
	at org.junit.internal.runners.statements.InvokeMethod.evaluate(InvokeMethod.java:17)
	at org.junit.runners.ParentRunner.runLeaf(ParentRunner.java:271)
	at org.junit.runners.BlockJUnit4ClassRunner.runChild(BlockJUnit4ClassRunner.java:70)
	at org.junit.runners.BlockJUnit4ClassRunner.runChild(BlockJUnit4ClassRunner.java:50)
	at org.junit.runners.ParentRunner$3.run(ParentRunner.java:238)
	at org.junit.runners.ParentRunner$1.schedule(ParentRunner.java:63)
	at org.junit.runners.ParentRunner.runChildren(ParentRunner.java:236)
	at org.junit.runners.ParentRunner.access$000(ParentRunner.java:53)
	at org.junit.runners.ParentRunner$2.evaluate(ParentRunner.java:229)
	at org.junit.runners.ParentRunner.run(ParentRunner.java:309)
	at org.junit.runner.JUnitCore.run(JUnitCore.java:160)
	at org.junit.runner.JUnitCore.run(JUnitCore.java:138)
	at com.gzoltar.core.instr.testing.junit.JUnitRunner.run(JUnitRunner.java:47)
	at com.gzoltar.core.instr.Runner.main(Runner.java:46)


/************************/
/* Suspicious statement */
/************************/
org.apache.commons.math.fraction.BigFraction:729 -> 0.5 (ep: 1, ef: 1, np: 3537, nf: 1)
org.apache.commons.math.util.MathUtils:247 -> 0.20851441405707477 (ep: 44, ef: 2, np: 3494, nf: 0)
org.apache.commons.math.util.MathUtils:244 -> 0.20628424925175867 (ep: 45, ef: 2, np: 3493, nf: 0)
org.apache.commons.math.fraction.BigFraction:685 -> 0.1386750490563073 (ep: 25, ef: 1, np: 3513, nf: 1)


